-------------------------------------------------------------------------------
Test set: com.formadoresit.camel.MySpringBootApplicationTest
-------------------------------------------------------------------------------
Tests run: 1, Failures: 1, Errors: 0, Skipped: 0, Time elapsed: 19.362 s <<< FAILURE! - in com.formadoresit.camel.MySpringBootApplicationTest
com.formadoresit.camel.MySpringBootApplicationTest.test  Time elapsed: 12.497 s  <<< FAILURE!
java.lang.AssertionError: mock://stream:out Received message count. Expected: <1> but was: <0>
	at com.formadoresit.camel.MySpringBootApplicationTest.test(MySpringBootApplicationTest.java:45)

