<?xml version="1.0" encoding="UTF-8"?>
<testsuite xmlns:xsi="http://www.w3.org/2001/XMLSchema-instance" xsi:noNamespaceSchemaLocation="https://maven.apache.org/surefire/maven-surefire-plugin/xsd/surefire-test-report-3.0.xsd" version="3.0" name="com.formadoresit.camel.MySpringBootApplicationTest" time="19.362" tests="1" errors="0" skipped="0" failures="1">
  <properties>
[...]
</properties>
  <testcase name="test" classname="com.formadoresit.camel.MySpringBootApplicationTest" time="12.497">
    <failure type="java.lang.AssertionError"><![CDATA[java.lang.AssertionError: mock://stream:out Received message count. Expected: <1> but was: <0>
	at com.formadoresit.camel.MySpringBootApplicationTest.test(MySpringBootApplicationTest.java:45)
]]></failure>
    <system-out><![CDATA[21:13:56.887 [main] INFO org.springframework.test.context.support.AnnotationConfigContextLoaderUtils -- Could not detect default configuration classes for test class [com.formadoresit.camel.MySpringBootApplicationTest]: MySpringBootApplicationTest does not declare any static, non-private, non-final, nested classes annotated with @Configuration.
21:13:57.005 [main] INFO org.springframework.boot.test.context.SpringBootTestContextBootstrapper -- Found @SpringBootConfiguration com.formadoresit.camel.MySpringBootApplication for test class com.formadoresit.camel.MySpringBootApplicationTest
21:13:57.132 [main] INFO org.apache.camel.test.spring.junit5.CamelSpringBootExecutionListener -- CamelSpringBootExecutionListener preparing: class com.formadoresit.camel.MySpringBootApplicationTest
21:13:57.137 [main] INFO org.apache.camel.test.spring.junit5.CamelAnnotationsHandler -- Disabling Camel JMX globally for tests by default. Use the DisableJMX annotation to override the default setting.

  .   ____          _            __ _ _
 /\\ / ___'_ __ _ _(_)_ __  __ _ \ \ \ \
( ( )\___ | '_ | '_| | '_ \/ _` | \ \ \ \
 \\/  ___)| |_)| | | | | || (_| |  ) ) ) )
  '  |____| .__|_| |_|_| |_\__, | / / / /
 =========|_|==============|___/=/_/_/_/

 :: Spring Boot ::                (v3.3.3)

2024-10-17T21:13:57.448-05:00  INFO 377930 --- [           main] c.f.camel.MySpringBootApplicationTest    : Starting MySpringBootApplicationTest using Java 17.0.12 with PID 377930 (started by luis in /home/luis/Development/Apache Camel/FormadoresIT/spring-boot-camel-jpa)
2024-10-17T21:13:57.450-05:00  INFO 377930 --- [           main] c.f.camel.MySpringBootApplicationTest    : No active profile set, falling back to 1 default profile: "default"
2024-10-17T21:13:58.704-05:00  INFO 377930 --- [           main] .s.d.r.c.RepositoryConfigurationDelegate : Bootstrapping Spring Data JPA repositories in DEFAULT mode.
2024-10-17T21:13:58.756-05:00  INFO 377930 --- [           main] .s.d.r.c.RepositoryConfigurationDelegate : Finished Spring Data repository scanning in 44 ms. Found 1 JPA repository interface.
2024-10-17T21:13:59.563-05:00  INFO 377930 --- [           main] com.zaxxer.hikari.HikariDataSource       : HikariPool-1 - Starting...
2024-10-17T21:13:59.972-05:00  INFO 377930 --- [           main] com.zaxxer.hikari.pool.HikariPool        : HikariPool-1 - Added connection com.mysql.cj.jdbc.ConnectionImpl@563263a
2024-10-17T21:13:59.974-05:00  INFO 377930 --- [           main] com.zaxxer.hikari.HikariDataSource       : HikariPool-1 - Start completed.
2024-10-17T21:14:00.017-05:00  INFO 377930 --- [           main] o.hibernate.jpa.internal.util.LogHelper  : HHH000204: Processing PersistenceUnitInfo [name: default]
2024-10-17T21:14:00.066-05:00  INFO 377930 --- [           main] org.hibernate.Version                    : HHH000412: Hibernate ORM core version 6.5.2.Final
2024-10-17T21:14:00.105-05:00  INFO 377930 --- [           main] o.h.c.internal.RegionFactoryInitiator    : HHH000026: Second-level cache disabled
2024-10-17T21:14:00.461-05:00  INFO 377930 --- [           main] o.s.o.j.p.SpringPersistenceUnitInfo      : No LoadTimeWeaver setup: ignoring JPA class transformer
2024-10-17T21:14:01.363-05:00  INFO 377930 --- [           main] o.h.e.t.j.p.i.JtaPlatformInitiator       : HHH000489: No JTA platform available (set 'hibernate.transaction.jta.platform' to enable JTA platform integration)
2024-10-17T21:14:01.366-05:00  INFO 377930 --- [           main] j.LocalContainerEntityManagerFactoryBean : Initialized JPA EntityManagerFactory for persistence unit 'default'
2024-10-17T21:14:02.236-05:00  WARN 377930 --- [           main] JpaBaseConfiguration$JpaWebConfiguration : spring.jpa.open-in-view is enabled by default. Therefore, database queries may be performed during view rendering. Explicitly configure spring.jpa.open-in-view to disable this warning
2024-10-17T21:14:03.362-05:00  INFO 377930 --- [           main] o.s.b.a.e.web.EndpointLinksResolver      : Exposing 3 endpoints beneath base path '/actuator'
2024-10-17T21:14:03.531-05:00  INFO 377930 --- [           main] c.f.camel.MySpringBootApplicationTest    : Started MySpringBootApplicationTest in 6.36 seconds (process running for 7.355)
2024-10-17T21:14:03.538-05:00  INFO 377930 --- [           main] o.a.c.t.s.j.CamelAnnotationsHandler      : Setting shutdown timeout to [10 SECONDS] on CamelContext with name [camelContext].
2024-10-17T21:14:03.580-05:00  INFO 377930 --- [           main] c.t.s.j.CamelSpringBootExecutionListener : CamelSpringBootExecutionListener before: class com.formadoresit.camel.MySpringBootApplicationTest.test
2024-10-17T21:14:03.581-05:00  INFO 377930 --- [           main] c.t.s.j.CamelSpringBootExecutionListener : Initialized CamelSpringBootExecutionListener now ready to start CamelContext
2024-10-17T21:14:03.582-05:00  INFO 377930 --- [           main] o.a.c.t.s.j.CamelAnnotationsHandler      : Starting CamelContext with name [camelContext].
2024-10-17T21:14:03.754-05:00  INFO 377930 --- [           main] o.a.c.impl.engine.AbstractCamelContext   : Apache Camel 4.8.0 (MyCamel) is starting
2024-10-17T21:14:03.763-05:00  INFO 377930 --- [           main] o.a.c.impl.engine.AbstractCamelContext   : Routes startup (total:1)
2024-10-17T21:14:03.763-05:00  INFO 377930 --- [           main] o.a.c.impl.engine.AbstractCamelContext   :     Started hello (timer://hello)
2024-10-17T21:14:03.763-05:00  INFO 377930 --- [           main] o.a.c.impl.engine.AbstractCamelContext   : Apache Camel 4.8.0 (MyCamel) started in 8ms (build:0ms init:0ms start:8ms)
Hibernate: select u1_0.id,u1_0.created_at,u1_0.email,u1_0.name from user u1_0
2024-10-17T21:14:04.998-05:00  INFO 377930 --- [ - ShutdownTask] o.a.c.i.engine.DefaultShutdownStrategy   : Waiting as there are still 1 inflight and pending exchanges to complete, timeout in 10 seconds. Inflights per route: [hello = 1]
2024-10-17T21:14:05.003-05:00  INFO 377930 --- [- timer://hello] c.formadoresit.camel.routes.UsersRoutes  : Total users found 2
2024-10-17T21:14:05.005-05:00  INFO 377930 --- [- timer://hello] hello                                    : null
2024-10-17T21:14:06.001-05:00  INFO 377930 --- [           main] o.a.c.impl.engine.AbstractCamelContext   : Stopped hello (timer://hello)
2024-10-17T21:14:06.003-05:00  INFO 377930 --- [           main] o.a.c.impl.engine.AbstractCamelContext   : Shutdown hello (timer://hello)
2024-10-17T21:14:06.004-05:00  INFO 377930 --- [           main] o.apache.camel.builder.AdviceWithTasks   : AdviceWith replace input from [timer:hello?period={{timer.period}}] --> [direct:start]
2024-10-17T21:14:06.004-05:00  INFO 377930 --- [           main] org.apache.camel.builder.AdviceWith      : AdviceWith route after: Route(hello)[From[direct:start] -> [process[Processor@0x1766b7], Log[${body}]]]
2024-10-17T21:14:06.008-05:00  INFO 377930 --- [           main] org.apache.camel.builder.AdviceWith      : Adviced route before/after as XML:
<route xmlns="http://camel.apache.org/schema/spring" id="hello">
    <from id="from1" uri="timer:hello?period={{timer.period}}"/>
    <process id="process1"/>
    <log id="log1" message="${body}"/>
</route>

<route xmlns="http://camel.apache.org/schema/spring" id="hello">
    <from id="from1" uri="direct:start"/>
    <process id="process1"/>
    <log id="log1" message="${body}"/>
</route>
Hibernate: select u1_0.id,u1_0.created_at,u1_0.email,u1_0.name from user u1_0
2024-10-17T21:14:06.045-05:00  INFO 377930 --- [           main] c.formadoresit.camel.routes.UsersRoutes  : Total users found 2
2024-10-17T21:14:06.046-05:00  INFO 377930 --- [           main] hello                                    : null
2024-10-17T21:14:06.046-05:00  INFO 377930 --- [           main] o.a.camel.component.mock.MockEndpoint    : Asserting: mock://stream:out is satisfied
2024-10-17T21:14:16.047-05:00  WARN 377930 --- [           main] o.a.camel.component.mock.MockEndpoint    : The latch did not reach 0 within the specified time
2024-10-17T21:14:16.063-05:00  INFO 377930 --- [           main] c.f.camel.MySpringBootApplicationTest    : ********************************************************************************
2024-10-17T21:14:16.063-05:00  INFO 377930 --- [           main] c.f.camel.MySpringBootApplicationTest    : Testing done: test (com.formadoresit.camel.MySpringBootApplicationTest)
2024-10-17T21:14:16.064-05:00  INFO 377930 --- [           main] c.f.camel.MySpringBootApplicationTest    : Took: 12s297ms (12297 millis)
2024-10-17T21:14:16.064-05:00  INFO 377930 --- [           main] c.f.camel.MySpringBootApplicationTest    : ********************************************************************************
2024-10-17T21:14:16.064-05:00  INFO 377930 --- [           main] c.t.s.j.CamelSpringBootExecutionListener : CamelSpringBootExecutionListener after: class com.formadoresit.camel.MySpringBootApplicationTest.test
]]></system-out>
  </testcase>
</testsuite>